This file contains any messages produced by compilers while
running configure, to aid debugging if configure makes a mistake.

It was created by main configure 1.23, which was
generated by GNU Autoconf 2.61.  Invocation command line was

  $ ./configure 

## --------- ##
## Platform. ##
## --------- ##

hostname = pak
uname -m = i686
uname -r = 2.6.24-26-generic
uname -s = Linux
uname -v = #1 SMP Tue Dec 1 18:37:31 UTC 2009

/usr/bin/uname -p = unknown
/bin/uname -X     = unknown

/bin/arch              = unknown
/usr/bin/arch -k       = unknown
/usr/convex/getsysinfo = unknown
/usr/bin/hostinfo      = unknown
/bin/machine           = unknown
/usr/bin/oslevel       = unknown
/bin/universe          = unknown

PATH: /usr/lib/postgresql/8.3/bin
PATH: /metno/kvalobs/bin
PATH: /usr/local/sbin
PATH: /usr/local/bin
PATH: /usr/sbin
PATH: /usr/bin
PATH: /sbin
PATH: /bin
PATH: /usr/games
PATH: .


## ----------- ##
## Core tests. ##
## ----------- ##

configure:1759: checking for a BSD-compatible install
configure:1815: result: /usr/bin/install -c
configure:1826: checking whether build environment is sane
configure:1869: result: yes
configure:1897: checking for a thread-safe mkdir -p
configure:1936: result: /bin/mkdir -p
configure:1949: checking for gawk
configure:1965: found /usr/bin/gawk
configure:1976: result: gawk
configure:1987: checking whether make sets $(MAKE)
configure:2008: result: yes
configure:2248: checking for gcc
configure:2264: found /usr/bin/gcc
configure:2275: result: gcc
configure:2513: checking for C compiler version
configure:2520: gcc --version >&5
gcc (GCC) 4.2.4 (Ubuntu 4.2.4-1ubuntu4)
Copyright (C) 2007 Free Software Foundation, Inc.
This is free software; see the source for copying conditions.  There is NO
warranty; not even for MERCHANTABILITY or FITNESS FOR A PARTICULAR PURPOSE.

configure:2523: $? = 0
configure:2530: gcc -v >&5
Using built-in specs.
Target: i486-linux-gnu
Configured with: ../src/configure -v --enable-languages=c,c++,fortran,objc,obj-c++,treelang --prefix=/usr --enable-shared --with-system-zlib --libexecdir=/usr/lib --without-included-gettext --enable-threads=posix --enable-nls --with-gxx-include-dir=/usr/include/c++/4.2 --program-suffix=-4.2 --enable-clocale=gnu --enable-libstdcxx-debug --enable-objc-gc --enable-mpfr --enable-targets=all --enable-checking=release --build=i486-linux-gnu --host=i486-linux-gnu --target=i486-linux-gnu
Thread model: posix
gcc version 4.2.4 (Ubuntu 4.2.4-1ubuntu4)
configure:2533: $? = 0
configure:2540: gcc -V >&5
gcc: '-V' option must have argument
configure:2543: $? = 1
configure:2566: checking for C compiler default output file name
configure:2593: gcc    conftest.c  >&5
configure:2596: $? = 0
configure:2634: result: a.out
configure:2651: checking whether the C compiler works
configure:2661: ./a.out
configure:2664: $? = 0
configure:2681: result: yes
configure:2688: checking whether we are cross compiling
configure:2690: result: no
configure:2693: checking for suffix of executables
configure:2700: gcc -o conftest    conftest.c  >&5
configure:2703: $? = 0
configure:2727: result: 
configure:2733: checking for suffix of object files
configure:2759: gcc -c   conftest.c >&5
configure:2762: $? = 0
configure:2785: result: o
configure:2789: checking whether we are using the GNU C compiler
configure:2818: gcc -c   conftest.c >&5
configure:2824: $? = 0
configure:2841: result: yes
configure:2846: checking whether gcc accepts -g
configure:2876: gcc -c -g  conftest.c >&5
configure:2882: $? = 0
configure:2981: result: yes
configure:2998: checking for gcc option to accept ISO C89
configure:3072: gcc  -c -g -O2  conftest.c >&5
configure:3078: $? = 0
configure:3101: result: none needed
configure:3130: checking for style of include used by make
configure:3158: result: GNU
configure:3183: checking dependency style of gcc
configure:3274: result: gcc3
configure:3293: checking for bison
configure:3309: found /usr/bin/bison
configure:3320: result: bison -y
configure:3390: checking for g++
configure:3406: found /usr/bin/g++
configure:3417: result: g++
configure:3448: checking for C++ compiler version
configure:3455: g++ --version >&5
g++ (GCC) 4.2.4 (Ubuntu 4.2.4-1ubuntu4)
Copyright (C) 2007 Free Software Foundation, Inc.
This is free software; see the source for copying conditions.  There is NO
warranty; not even for MERCHANTABILITY or FITNESS FOR A PARTICULAR PURPOSE.

configure:3458: $? = 0
configure:3465: g++ -v >&5
Using built-in specs.
Target: i486-linux-gnu
Configured with: ../src/configure -v --enable-languages=c,c++,fortran,objc,obj-c++,treelang --prefix=/usr --enable-shared --with-system-zlib --libexecdir=/usr/lib --without-included-gettext --enable-threads=posix --enable-nls --with-gxx-include-dir=/usr/include/c++/4.2 --program-suffix=-4.2 --enable-clocale=gnu --enable-libstdcxx-debug --enable-objc-gc --enable-mpfr --enable-targets=all --enable-checking=release --build=i486-linux-gnu --host=i486-linux-gnu --target=i486-linux-gnu
Thread model: posix
gcc version 4.2.4 (Ubuntu 4.2.4-1ubuntu4)
configure:3468: $? = 0
configure:3475: g++ -V >&5
g++: '-V' option must have argument
configure:3478: $? = 1
configure:3481: checking whether we are using the GNU C++ compiler
configure:3510: g++ -c   conftest.cpp >&5
configure:3516: $? = 0
configure:3533: result: yes
configure:3538: checking whether g++ accepts -g
configure:3568: g++ -c -g  conftest.cpp >&5
configure:3574: $? = 0
configure:3673: result: yes
configure:3698: checking dependency style of g++
configure:3789: result: gcc3
configure:3817: checking for a BSD-compatible install
configure:3873: result: /usr/bin/install -c
configure:4036: creating ./config.status

## ---------------------- ##
## Running config.status. ##
## ---------------------- ##

This file was extended by main config.status 1.23, which was
generated by GNU Autoconf 2.61.  Invocation command line was

  CONFIG_FILES    = 
  CONFIG_HEADERS  = 
  CONFIG_LINKS    = 
  CONFIG_COMMANDS = 
  $ ./config.status 

on pak

config.status:624: creating Makefile
config.status:624: creating src/Makefile
config.status:815: executing depfiles commands
configure:5153: checking for pkg-config
configure:5171: found /usr/bin/pkg-config
configure:5183: result: /usr/bin/pkg-config
configure:5212: checking pkg-config is at least version 0.9.0
configure:5215: result: yes
configure:5226: checking for putools
configure:5234: $PKG_CONFIG --exists --print-errors "putools"
configure:5237: $? = 0
configure:5252: $PKG_CONFIG --exists --print-errors "putools"
configure:5255: $? = 0
configure:5331: result: yes

## ---------------- ##
## Cache variables. ##
## ---------------- ##

ac_cv_c_compiler_gnu=yes
ac_cv_cxx_compiler_gnu=yes
ac_cv_env_CCC_set=
ac_cv_env_CCC_value=
ac_cv_env_CC_set=
ac_cv_env_CC_value=
ac_cv_env_CFLAGS_set=
ac_cv_env_CFLAGS_value=
ac_cv_env_CPPFLAGS_set=
ac_cv_env_CPPFLAGS_value=
ac_cv_env_CXXFLAGS_set=
ac_cv_env_CXXFLAGS_value=
ac_cv_env_CXX_set=
ac_cv_env_CXX_value=
ac_cv_env_LDFLAGS_set=
ac_cv_env_LDFLAGS_value=
ac_cv_env_LIBS_set=
ac_cv_env_LIBS_value=
ac_cv_env_PKG_CONFIG_set=
ac_cv_env_PKG_CONFIG_value=
ac_cv_env_YACC_set=
ac_cv_env_YACC_value=
ac_cv_env_YFLAGS_set=
ac_cv_env_YFLAGS_value=
ac_cv_env_build_alias_set=
ac_cv_env_build_alias_value=
ac_cv_env_host_alias_set=
ac_cv_env_host_alias_value=
ac_cv_env_putools_CFLAGS_set=
ac_cv_env_putools_CFLAGS_value=
ac_cv_env_putools_LIBS_set=
ac_cv_env_putools_LIBS_value=
ac_cv_env_target_alias_set=
ac_cv_env_target_alias_value=
ac_cv_objext=o
ac_cv_path_ac_pt_PKG_CONFIG=/usr/bin/pkg-config
ac_cv_path_install='/usr/bin/install -c'
ac_cv_path_mkdir=/bin/mkdir
ac_cv_prog_AWK=gawk
ac_cv_prog_YACC='bison -y'
ac_cv_prog_ac_ct_CC=gcc
ac_cv_prog_ac_ct_CXX=g++
ac_cv_prog_cc_c89=
ac_cv_prog_cc_g=yes
ac_cv_prog_cxx_g=yes
ac_cv_prog_make_make_set=yes
am_cv_CC_dependencies_compiler_type=gcc3
am_cv_CXX_dependencies_compiler_type=gcc3
pkg_cv_putools_CFLAGS='-I/metno/kvalobs/include  '
pkg_cv_putools_LIBS='-L/metno/kvalobs/lib -lpuTools  '

## ----------------- ##
## Output variables. ##
## ----------------- ##

ACLOCAL='${SHELL} /metno/kvalobs/kvalobs-svn/src/kvQc2/Reference/FlagAnalysis/missing --run aclocal-1.10'
AMDEPBACKSLASH='\'
AMDEP_FALSE='#'
AMDEP_TRUE=''
AMTAR='${SHELL} /metno/kvalobs/kvalobs-svn/src/kvQc2/Reference/FlagAnalysis/missing --run tar'
AUTOCONF='${SHELL} /metno/kvalobs/kvalobs-svn/src/kvQc2/Reference/FlagAnalysis/missing --run autoconf'
AUTOHEADER='${SHELL} /metno/kvalobs/kvalobs-svn/src/kvQc2/Reference/FlagAnalysis/missing --run autoheader'
AUTOMAKE='${SHELL} /metno/kvalobs/kvalobs-svn/src/kvQc2/Reference/FlagAnalysis/missing --run automake-1.10'
AWK='gawk'
CC='gcc'
CCDEPMODE='depmode=gcc3'
CFLAGS='-g -O2'
CPPFLAGS=''
CXX='g++'
CXXDEPMODE='depmode=gcc3'
CXXFLAGS='-g -O2'
CYGPATH_W='echo'
DEFS='-DPACKAGE_NAME=\"main\" -DPACKAGE_TARNAME=\"main\" -DPACKAGE_VERSION=\"1.23\" -DPACKAGE_STRING=\"main\ 1.23\" -DPACKAGE_BUGREPORT=\"\" -DPACKAGE=\"main\" -DVERSION=\"1.23\"'
DEPDIR='.deps'
ECHO_C=''
ECHO_N='-n'
ECHO_T=''
EXEEXT=''
INSTALL_DATA='${INSTALL} -m 644'
INSTALL_PROGRAM='${INSTALL}'
INSTALL_SCRIPT='${INSTALL}'
INSTALL_STRIP_PROGRAM='$(install_sh) -c -s'
LDFLAGS=''
LIBOBJS=''
LIBS=''
LTLIBOBJS=''
MAKEINFO='${SHELL} /metno/kvalobs/kvalobs-svn/src/kvQc2/Reference/FlagAnalysis/missing --run makeinfo'
OBJEXT='o'
PACKAGE='main'
PACKAGE_BUGREPORT=''
PACKAGE_NAME='main'
PACKAGE_STRING='main 1.23'
PACKAGE_TARNAME='main'
PACKAGE_VERSION='1.23'
PATH_SEPARATOR=':'
PKG_CONFIG='/usr/bin/pkg-config'
SET_MAKE=''
SHELL='/bin/bash'
STRIP=''
VERSION='1.23'
YACC='bison -y'
YFLAGS=''
ac_ct_CC='gcc'
ac_ct_CXX='g++'
am__fastdepCC_FALSE='#'
am__fastdepCC_TRUE=''
am__fastdepCXX_FALSE='#'
am__fastdepCXX_TRUE=''
am__include='include'
am__isrc=''
am__leading_dot='.'
am__quote=''
am__tar='${AMTAR} chof - "$$tardir"'
am__untar='${AMTAR} xf -'
bindir='${exec_prefix}/bin'
build_alias=''
datadir='${datarootdir}'
datarootdir='${prefix}/share'
docdir='${datarootdir}/doc/${PACKAGE_TARNAME}'
dvidir='${docdir}'
exec_prefix='${prefix}'
host_alias=''
htmldir='${docdir}'
includedir='${prefix}/include'
infodir='${datarootdir}/info'
install_sh='$(SHELL) /metno/kvalobs/kvalobs-svn/src/kvQc2/Reference/FlagAnalysis/install-sh'
libdir='${exec_prefix}/lib'
libexecdir='${exec_prefix}/libexec'
localedir='${datarootdir}/locale'
localstatedir='${prefix}/var'
mandir='${datarootdir}/man'
mkdir_p='/bin/mkdir -p'
oldincludedir='/usr/include'
pdfdir='${docdir}'
prefix='/usr/local'
program_transform_name='s,x,x,'
psdir='${docdir}'
putools_CFLAGS='-I/metno/kvalobs/include  '
putools_LIBS='-L/metno/kvalobs/lib -lpuTools  '
sbindir='${exec_prefix}/sbin'
sharedstatedir='${prefix}/com'
sysconfdir='${prefix}/etc'
target_alias=''

## ----------- ##
## confdefs.h. ##
## ----------- ##

#define PACKAGE_NAME "main"
#define PACKAGE_TARNAME "main"
#define PACKAGE_VERSION "1.23"
#define PACKAGE_STRING "main 1.23"
#define PACKAGE_BUGREPORT ""
#define PACKAGE "main"
#define VERSION "1.23"

configure: exit 0
